1503215082327	geckodriver	INFO	Listening on 127.0.0.1:50300
1503215084597	geckodriver::marionette	INFO	Starting browser /usr/lib/firefox/firefox.sh with args ["-marionette"]

(firefox:13792): GLib-GObject-CRITICAL **: g_object_ref: assertion 'object->ref_count > 0' failed

(firefox:13792): GLib-GObject-CRITICAL **: g_object_unref: assertion 'object->ref_count > 0' failed

(firefox:13792): GLib-GObject-CRITICAL **: g_object_ref: assertion 'object->ref_count > 0' failed

(firefox:13792): GLib-GObject-CRITICAL **: g_object_unref: assertion 'object->ref_count > 0' failed
1503215108996	Marionette	INFO	Listening on port 35907

(/usr/lib/firefox/plugin-container:13896): GLib-GObject-CRITICAL **: g_object_ref: assertion 'object->ref_count > 0' failed

(/usr/lib/firefox/plugin-container:13896): GLib-GObject-CRITICAL **: g_object_unref: assertion 'object->ref_count > 0' failed

(/usr/lib/firefox/plugin-container:13896): GLib-GObject-CRITICAL **: g_object_ref: assertion 'object->ref_count > 0' failed

(/usr/lib/firefox/plugin-container:13896): GLib-GObject-CRITICAL **: g_object_unref: assertion 'object->ref_count > 0' failed
1503215490873	geckodriver	INFO	Listening on 127.0.0.1:48526
1503215492378	geckodriver::marionette	INFO	Starting browser /usr/lib/firefox/firefox.sh with args ["-marionette"]

(firefox:14300): GLib-GObject-CRITICAL **: g_object_ref: assertion 'object->ref_count > 0' failed

(firefox:14300): GLib-GObject-CRITICAL **: g_object_unref: assertion 'object->ref_count > 0' failed

(firefox:14300): GLib-GObject-CRITICAL **: g_object_ref: assertion 'object->ref_count > 0' failed

(firefox:14300): GLib-GObject-CRITICAL **: g_object_unref: assertion 'object->ref_count > 0' failed
1503215501313	Marionette	INFO	Listening on port 32989

(/usr/lib/firefox/plugin-container:14371): GLib-GObject-CRITICAL **: g_object_ref: assertion 'object->ref_count > 0' failed

(/usr/lib/firefox/plugin-container:14371): GLib-GObject-CRITICAL **: g_object_unref: assertion 'object->ref_count > 0' failed

(/usr/lib/firefox/plugin-container:14371): GLib-GObject-CRITICAL **: g_object_ref: assertion 'object->ref_count > 0' failed

(/usr/lib/firefox/plugin-container:14371): GLib-GObject-CRITICAL **: g_object_unref: assertion 'object->ref_count > 0' failed
*************************
A coding exception was thrown and uncaught in a Task.

Full message: TypeError: NetworkError when attempting to fetch resource.
Full stack: 
*************************
*************************
A coding exception was thrown and uncaught in a Task.

Full message: TypeError: NetworkError when attempting to fetch resource.
Full stack: 
*************************
1503216662787	geckodriver	INFO	Listening on 127.0.0.1:58240
1503216664272	geckodriver::marionette	INFO	Starting browser /usr/lib/firefox/firefox.sh with args ["-marionette"]

(firefox:14811): GLib-GObject-CRITICAL **: g_object_ref: assertion 'object->ref_count > 0' failed

(firefox:14811): GLib-GObject-CRITICAL **: g_object_unref: assertion 'object->ref_count > 0' failed

(firefox:14811): GLib-GObject-CRITICAL **: g_object_ref: assertion 'object->ref_count > 0' failed

(firefox:14811): GLib-GObject-CRITICAL **: g_object_unref: assertion 'object->ref_count > 0' failed
1503216684610	Marionette	INFO	Listening on port 36779

(/usr/lib/firefox/plugin-container:14907): GLib-GObject-CRITICAL **: g_object_ref: assertion 'object->ref_count > 0' failed

(/usr/lib/firefox/plugin-container:14907): GLib-GObject-CRITICAL **: g_object_unref: assertion 'object->ref_count > 0' failed

(/usr/lib/firefox/plugin-container:14907): GLib-GObject-CRITICAL **: g_object_ref: assertion 'object->ref_count > 0' failed

(/usr/lib/firefox/plugin-container:14907): GLib-GObject-CRITICAL **: g_object_unref: assertion 'object->ref_count > 0' failed

(firefox:14811): GLib-GObject-CRITICAL **: g_object_ref: assertion 'object->ref_count > 0' failed

(firefox:14811): GLib-GObject-CRITICAL **: g_object_unref: assertion 'object->ref_count > 0' failed
